[2017-03-16 06:59:58]|[INFO]|========IOT GATEWAY PROGRAM=======
[2017-03-16 07:01:23]|[INFO]|========IOT GATEWAY PROGRAM=======
[2017-03-19 12:50:55]|[INFO]|========IOT GATEWAY PROGRAM=======
[2017-03-19 12:50:58]|[INFO]|Connected to MQTT broker
[2017-03-19 12:52:12]|[INFO]|========IOT GATEWAY PROGRAM=======
[2017-03-19 12:52:12]|[INFO]|Connected to MQTT broker
[2017-03-19 14:23:21]|[INFO]|========IOT GATEWAY PROGRAM=======
[2017-03-19 14:23:22]|[INFO]|Connected to MQTT broker
[2017-03-19 14:34:04]|[INFO]|----user configure message received----
[2017-03-19 14:34:05]|[INFO]|PRODUCT DATA UPDATED
[2017-03-19 14:34:05]|[INFO]|MQTT device initialized
[2017-03-19 14:34:05]|[INFO]|MQTT message sent to device
[2017-03-19 14:43:58]|[INFO]|----user configure message received----
[2017-03-19 14:43:58]|[INFO]|PRODUCT DATA UPDATED
[2017-03-19 14:43:58]|[INFO]|MQTT device initialized
[2017-03-19 14:43:58]|[INFO]|MQTT message sent to device
[2017-03-19 14:44:00]|[INFO]|----user configure message received----
[2017-03-19 14:44:01]|[INFO]|PRODUCT DATA UPDATED
[2017-03-19 14:44:01]|[INFO]|Bluetoooh message received
[2017-03-19 14:44:01]|[ERROR]|Error in sending xbee message:could not open port /dev/ttyUSB0: [Errno 2] No such file or directory: '/dev/ttyUSB0'
[2017-03-19 14:44:04]|[INFO]|----user configure message received----
[2017-03-19 14:44:04]|[INFO]|PRODUCT DATA UPDATED
[2017-03-19 14:44:04]|[ERROR]|Error in sending xbee message:could not open port /dev/ttyUSB0: [Errno 2] No such file or directory: '/dev/ttyUSB0'
[2017-03-19 15:34:49]|[INFO]|----user configure message received----
[2017-03-19 15:34:51]|[INFO]|PRODUCT DATA UPDATED
[2017-03-19 15:34:51]|[INFO]|MQTT device initialized
[2017-03-19 15:34:51]|[INFO]|MQTT message sent to device
[2017-03-19 15:34:53]|[INFO]|----user configure message received----
[2017-03-19 15:34:53]|[INFO]|PRODUCT DATA UPDATED
[2017-03-19 15:34:53]|[INFO]|Bluetoooh message received
[2017-03-19 15:34:53]|[ERROR]|Error in sending xbee message:could not open port /dev/ttyUSB0: [Errno 2] No such file or directory: '/dev/ttyUSB0'
[2017-03-19 15:34:54]|[INFO]|----user configure message received----
[2017-03-19 15:34:54]|[INFO]|PRODUCT DATA UPDATED
[2017-03-19 15:34:54]|[ERROR]|Error in sending xbee message:could not open port /dev/ttyUSB0: [Errno 2] No such file or directory: '/dev/ttyUSB0'
[2017-03-19 15:34:55]|[INFO]|----user configure message received----
[2017-03-19 15:34:55]|[INFO]|PRODUCT DATA UPDATED
[2017-03-19 15:34:55]|[INFO]|Bluetoooh message received
[2017-03-19 15:34:55]|[ERROR]|Error in sending xbee message:could not open port /dev/ttyUSB0: [Errno 2] No such file or directory: '/dev/ttyUSB0'
[2017-03-19 15:34:55]|[INFO]|----user configure message received----
[2017-03-19 15:34:56]|[INFO]|PRODUCT DATA UPDATED
[2017-03-19 15:34:56]|[ERROR]|Error in sending xbee message:could not open port /dev/ttyUSB0: [Errno 2] No such file or directory: '/dev/ttyUSB0'
[2017-03-19 15:34:56]|[INFO]|----user configure message received----
[2017-03-19 15:34:56]|[INFO]|PRODUCT DATA UPDATED
[2017-03-19 15:34:56]|[INFO]|MQTT device initialized
[2017-03-19 15:34:56]|[INFO]|MQTT message sent to device
[2017-03-19 15:36:42]|[INFO]|----user configure message received----
[2017-03-19 15:36:42]|[INFO]|PRODUCT DATA UPDATED
[2017-03-19 15:36:42]|[INFO]|MQTT device initialized
[2017-03-19 15:36:42]|[INFO]|MQTT message sent to device
[2017-03-19 15:36:43]|[INFO]|----user configure message received----
[2017-03-19 15:36:43]|[INFO]|PRODUCT DATA UPDATED
[2017-03-19 15:36:43]|[INFO]|MQTT device initialized
[2017-03-19 15:36:43]|[INFO]|MQTT message sent to device
[2017-03-19 15:36:45]|[INFO]|----user configure message received----
[2017-03-19 15:36:45]|[INFO]|PRODUCT DATA UPDATED
[2017-03-19 15:36:45]|[INFO]|MQTT device initialized
[2017-03-19 15:36:45]|[INFO]|MQTT message sent to device
[2017-03-19 15:36:46]|[INFO]|----user configure message received----
[2017-03-19 15:36:46]|[INFO]|PRODUCT DATA UPDATED
[2017-03-19 15:36:46]|[INFO]|MQTT device initialized
[2017-03-19 15:36:46]|[INFO]|MQTT message sent to device
[2017-03-19 15:36:49]|[INFO]|----user configure message received----
[2017-03-19 15:36:49]|[INFO]|PRODUCT DATA UPDATED
[2017-03-19 15:36:49]|[INFO]|Bluetoooh message received
[2017-03-19 15:36:49]|[ERROR]|Error in sending xbee message:could not open port /dev/ttyUSB0: [Errno 2] No such file or directory: '/dev/ttyUSB0'
[2017-03-19 15:36:50]|[INFO]|----user configure message received----
[2017-03-19 15:36:50]|[INFO]|PRODUCT DATA UPDATED
[2017-03-19 15:36:50]|[INFO]|Bluetoooh message received
[2017-03-19 15:36:50]|[ERROR]|Error in sending xbee message:could not open port /dev/ttyUSB0: [Errno 2] No such file or directory: '/dev/ttyUSB0'
[2017-03-19 15:36:52]|[INFO]|----user configure message received----
[2017-03-19 15:36:52]|[INFO]|PRODUCT DATA UPDATED
[2017-03-19 15:36:52]|[ERROR]|Error in sending xbee message:could not open port /dev/ttyUSB0: [Errno 2] No such file or directory: '/dev/ttyUSB0'
[2017-03-19 15:36:53]|[INFO]|----user configure message received----
[2017-03-19 15:36:53]|[INFO]|PRODUCT DATA UPDATED
[2017-03-19 15:36:53]|[ERROR]|Error in sending xbee message:could not open port /dev/ttyUSB0: [Errno 2] No such file or directory: '/dev/ttyUSB0'
[2017-03-19 15:36:54]|[INFO]|----user configure message received----
[2017-03-19 15:36:54]|[INFO]|PRODUCT DATA UPDATED
[2017-03-19 15:36:54]|[INFO]|Bluetoooh message received
[2017-03-19 15:36:54]|[ERROR]|Error in sending xbee message:could not open port /dev/ttyUSB0: [Errno 2] No such file or directory: '/dev/ttyUSB0'
[2017-03-19 15:36:55]|[INFO]|----user configure message received----
[2017-03-19 15:36:55]|[INFO]|PRODUCT DATA UPDATED
[2017-03-19 15:36:55]|[INFO]|Bluetoooh message received
[2017-03-19 15:36:55]|[ERROR]|Error in sending xbee message:could not open port /dev/ttyUSB0: [Errno 2] No such file or directory: '/dev/ttyUSB0'
[2017-03-19 15:36:57]|[INFO]|----user configure message received----
[2017-03-19 15:36:57]|[INFO]|PRODUCT DATA UPDATED
[2017-03-19 15:36:57]|[INFO]|MQTT device initialized
[2017-03-19 15:36:57]|[INFO]|MQTT message sent to device
[2017-03-19 15:36:58]|[INFO]|----user configure message received----
[2017-03-19 15:36:58]|[INFO]|PRODUCT DATA UPDATED
[2017-03-19 15:36:58]|[INFO]|MQTT device initialized
[2017-03-19 15:36:58]|[INFO]|MQTT message sent to device
[2017-03-19 15:36:58]|[INFO]|----user configure message received----
[2017-03-19 15:36:58]|[INFO]|PRODUCT DATA UPDATED
[2017-03-19 15:36:58]|[INFO]|MQTT device initialized
[2017-03-19 15:36:58]|[INFO]|MQTT message sent to device
[2017-03-19 15:36:59]|[INFO]|----user configure message received----
[2017-03-19 15:36:59]|[INFO]|PRODUCT DATA UPDATED
[2017-03-19 15:36:59]|[INFO]|MQTT device initialized
[2017-03-19 15:36:59]|[INFO]|MQTT message sent to device
[2017-03-19 15:37:01]|[INFO]|----user configure message received----
[2017-03-19 15:37:01]|[INFO]|PRODUCT DATA UPDATED
[2017-03-19 15:37:01]|[INFO]|MQTT device initialized
[2017-03-19 15:37:01]|[INFO]|MQTT message sent to device
[2017-03-19 15:37:02]|[INFO]|----user configure message received----
[2017-03-19 15:37:02]|[INFO]|PRODUCT DATA UPDATED
[2017-03-19 15:37:02]|[INFO]|MQTT device initialized
[2017-03-19 15:37:02]|[INFO]|MQTT message sent to device
[2017-03-19 15:37:03]|[INFO]|----user configure message received----
[2017-03-19 15:37:03]|[INFO]|PRODUCT DATA UPDATED
[2017-03-19 15:37:03]|[INFO]|Bluetoooh message received
[2017-03-19 15:37:03]|[ERROR]|Error in sending xbee message:could not open port /dev/ttyUSB0: [Errno 2] No such file or directory: '/dev/ttyUSB0'
[2017-03-19 15:37:03]|[INFO]|----user configure message received----
[2017-03-19 15:37:04]|[INFO]|PRODUCT DATA UPDATED
[2017-03-19 15:37:04]|[INFO]|Bluetoooh message received
[2017-03-19 15:37:04]|[ERROR]|Error in sending xbee message:could not open port /dev/ttyUSB0: [Errno 2] No such file or directory: '/dev/ttyUSB0'
[2017-03-19 15:37:05]|[INFO]|----user configure message received----
[2017-03-19 15:37:05]|[INFO]|PRODUCT DATA UPDATED
[2017-03-19 15:37:05]|[INFO]|Bluetoooh message received
[2017-03-19 15:37:05]|[ERROR]|Error in sending xbee message:could not open port /dev/ttyUSB0: [Errno 2] No such file or directory: '/dev/ttyUSB0'
[2017-03-19 15:37:06]|[INFO]|----user configure message received----
[2017-03-19 15:37:06]|[INFO]|PRODUCT DATA UPDATED
[2017-03-19 15:37:06]|[INFO]|Bluetoooh message received
[2017-03-19 15:37:06]|[ERROR]|Error in sending xbee message:could not open port /dev/ttyUSB0: [Errno 2] No such file or directory: '/dev/ttyUSB0'
[2017-03-19 15:37:07]|[INFO]|----user configure message received----
[2017-03-19 15:37:07]|[INFO]|PRODUCT DATA UPDATED
[2017-03-19 15:37:07]|[ERROR]|Error in sending xbee message:could not open port /dev/ttyUSB0: [Errno 2] No such file or directory: '/dev/ttyUSB0'
[2017-03-19 15:37:07]|[INFO]|----user configure message received----
[2017-03-19 15:37:07]|[INFO]|PRODUCT DATA UPDATED
[2017-03-19 15:37:07]|[ERROR]|Error in sending xbee message:could not open port /dev/ttyUSB0: [Errno 2] No such file or directory: '/dev/ttyUSB0'
[2017-03-19 15:43:07]|[INFO]|----user configure message received----
[2017-03-19 15:43:07]|[INFO]|PRODUCT DATA UPDATED
[2017-03-19 15:43:07]|[INFO]|MQTT device initialized
[2017-03-19 15:43:07]|[INFO]|MQTT message sent to device
[2017-03-19 15:43:12]|[INFO]|----user configure message received----
[2017-03-19 15:43:12]|[INFO]|PRODUCT DATA UPDATED
[2017-03-19 15:43:12]|[INFO]|MQTT device initialized
[2017-03-19 15:43:12]|[INFO]|MQTT message sent to device
[2017-03-19 15:43:16]|[INFO]|----user configure message received----
[2017-03-19 15:43:16]|[INFO]|PRODUCT DATA UPDATED
[2017-03-19 15:43:16]|[INFO]|Bluetoooh message received
[2017-03-19 15:43:16]|[ERROR]|Error in sending xbee message:could not open port /dev/ttyUSB0: [Errno 2] No such file or directory: '/dev/ttyUSB0'
[2017-03-19 15:43:19]|[INFO]|----user configure message received----
[2017-03-19 15:43:19]|[INFO]|PRODUCT DATA UPDATED
[2017-03-19 15:43:19]|[INFO]|Bluetoooh message received
[2017-03-19 15:43:19]|[ERROR]|Error in sending xbee message:could not open port /dev/ttyUSB0: [Errno 2] No such file or directory: '/dev/ttyUSB0'
[2017-03-19 15:43:22]|[INFO]|----user configure message received----
[2017-03-19 15:43:22]|[INFO]|PRODUCT DATA UPDATED
[2017-03-19 15:43:22]|[ERROR]|Error in sending xbee message:could not open port /dev/ttyUSB0: [Errno 2] No such file or directory: '/dev/ttyUSB0'
[2017-03-19 15:43:25]|[INFO]|----user configure message received----
[2017-03-19 15:43:25]|[INFO]|PRODUCT DATA UPDATED
[2017-03-19 15:43:25]|[ERROR]|Error in sending xbee message:could not open port /dev/ttyUSB0: [Errno 2] No such file or directory: '/dev/ttyUSB0'
[2017-03-19 15:58:15]|[INFO]|========IOT GATEWAY PROGRAM=======
[2017-03-19 15:58:15]|[INFO]|sensor thread  started
[2017-03-19 15:58:51]|[INFO]|========IOT GATEWAY PROGRAM=======
[2017-03-19 15:58:51]|[INFO]|sensor thread  started
[2017-03-19 15:58:51]|[INFO]|Connected to MQTT broker
[2017-03-19 15:59:48]|[INFO]|sensor thread  started
[2017-03-19 15:59:54]|[INFO]|sensor thread  started
[2017-03-19 16:00:29]|[INFO]|sensor thread  started
[2017-03-19 17:03:20]|[INFO]|========IOT GATEWAY PROGRAM=======
[2017-03-19 17:03:20]|[INFO]|sensor thread  started
[2017-03-19 17:03:20]|[INFO]|Connected to MQTT broker
[2017-03-19 17:05:17]|[INFO]|----user configure message received----
[2017-03-19 17:05:18]|[INFO]|PRODUCT DATA UPDATED
[2017-03-19 17:05:18]|[INFO]|MQTT device initialized
[2017-03-19 17:05:18]|[INFO]|MQTT message sent to device
[2017-03-19 17:05:19]|[INFO]|----user configure message received----
[2017-03-19 17:05:19]|[INFO]|PRODUCT DATA UPDATED
[2017-03-19 17:05:19]|[INFO]|Bluetoooh message received
[2017-03-19 17:05:19]|[ERROR]|Error in sending xbee message:could not open port /dev/ttyUSB0: [Errno 2] No such file or directory: '/dev/ttyUSB0'
[2017-03-19 17:05:20]|[INFO]|----user configure message received----
[2017-03-19 17:05:21]|[INFO]|PRODUCT DATA UPDATED
[2017-03-19 17:05:21]|[INFO]|MQTT device initialized
[2017-03-19 17:05:21]|[INFO]|MQTT message sent to device
[2017-03-19 17:05:21]|[INFO]|----user configure message received----
[2017-03-19 17:05:21]|[INFO]|PRODUCT DATA UPDATED
[2017-03-19 17:05:21]|[INFO]|Bluetoooh message received
[2017-03-19 17:05:21]|[ERROR]|Error in sending xbee message:could not open port /dev/ttyUSB0: [Errno 2] No such file or directory: '/dev/ttyUSB0'
[2017-03-19 17:09:23]|[INFO]|----user configure message received----
[2017-03-19 17:09:23]|[INFO]|PRODUCT DATA UPDATED
[2017-03-19 17:09:23]|[INFO]|MQTT device initialized
[2017-03-19 17:09:23]|[INFO]|MQTT message sent to device
[2017-03-19 17:09:24]|[INFO]|----user configure message received----
[2017-03-19 17:09:24]|[INFO]|PRODUCT DATA UPDATED
[2017-03-19 17:09:24]|[INFO]|MQTT device initialized
[2017-03-19 17:09:24]|[INFO]|MQTT message sent to device
[2017-03-19 17:09:25]|[INFO]|sensor thread  started
[2017-03-19 17:22:07]|[INFO]|sensor thread  started
[2017-03-19 17:26:02]|[INFO]|sensor thread  started
[2017-03-19 17:26:12]|[INFO]|sensor thread  started
[2017-03-19 17:30:33]|[INFO]|sensor thread  started
[2017-03-19 17:30:42]|[INFO]|High gas  detected
[2017-03-19 17:30:43]|[INFO]|sensor thread  started
[2017-03-19 17:30:43]|[INFO]|High gas  detected
[2017-03-19 17:30:44]|[INFO]|High gas  detected
[2017-03-19 17:30:48]|[INFO]|sensor thread  started
[2017-03-19 17:30:51]|[INFO]|sensor thread  started
[2017-03-19 17:30:53]|[INFO]|sensor thread  started
[2017-03-19 17:30:58]|[INFO]|sensor thread  started
[2017-03-19 17:30:58]|[INFO]|High gas  detected
[2017-03-19 17:31:01]|[INFO]|sensor thread  started
[2017-03-19 17:31:01]|[INFO]|High gas  detected
[2017-03-19 17:31:03]|[INFO]|High gas  detected
[2017-03-19 17:31:07]|[INFO]|sensor thread  started
[2017-03-19 17:31:14]|[INFO]|High gas  detected
[2017-03-19 17:31:15]|[INFO]|High gas  detected
[2017-03-19 17:31:16]|[INFO]|High gas  detected
[2017-03-19 17:31:17]|[INFO]|High gas  detected
[2017-03-19 17:31:18]|[INFO]|High gas  detected
[2017-03-19 17:31:19]|[INFO]|High gas  detected
[2017-03-19 17:31:20]|[INFO]|High gas  detected
[2017-03-19 17:31:21]|[INFO]|High gas  detected
[2017-03-19 17:31:22]|[INFO]|High gas  detected
[2017-03-19 17:31:23]|[INFO]|High gas  detected
[2017-03-19 17:31:24]|[INFO]|High gas  detected
[2017-03-19 17:31:25]|[INFO]|High gas  detected
[2017-03-19 17:31:26]|[INFO]|High gas  detected
[2017-03-19 17:31:26]|[INFO]|sensor thread  started
[2017-03-19 17:31:27]|[INFO]|High gas  detected
[2017-03-19 17:31:28]|[INFO]|High gas  detected
[2017-03-19 17:31:29]|[INFO]|High gas  detected
[2017-03-19 17:31:30]|[INFO]|sensor thread  started
[2017-03-19 17:31:30]|[INFO]|High gas  detected
[2017-03-19 17:31:33]|[INFO]|sensor thread  started
[2017-03-19 17:31:35]|[INFO]|sensor thread  started
[2017-03-19 17:43:06]|[INFO]|sensor thread  started
[2017-03-19 17:43:11]|[INFO]|----user configure message received----
[2017-03-19 17:43:15]|[INFO]|PRODUCT DATA UPDATED
[2017-03-19 17:43:15]|[INFO]|MQTT device initialized
[2017-03-19 17:43:15]|[INFO]|MQTT message sent to device
[2017-03-19 17:43:15]|[INFO]|----user configure message received----
[2017-03-19 17:43:15]|[INFO]|PRODUCT DATA UPDATED
[2017-03-19 17:43:15]|[INFO]|MQTT device initialized
[2017-03-19 17:43:15]|[INFO]|MQTT message sent to device
[2017-03-19 17:48:03]|[INFO]|----user configure message received----
[2017-03-19 17:48:03]|[INFO]|PRODUCT DATA UPDATED
[2017-03-19 17:48:03]|[INFO]|MQTT device initialized
[2017-03-19 17:48:03]|[INFO]|MQTT message sent to device
[2017-03-19 17:48:09]|[INFO]|----user configure message received----
[2017-03-19 17:48:10]|[INFO]|PRODUCT DATA UPDATED
[2017-03-19 17:48:10]|[INFO]|Bluetoooh message received
[2017-03-19 17:48:10]|[ERROR]|Error in sending xbee message:could not open port /dev/ttyUSB0: [Errno 2] No such file or directory: '/dev/ttyUSB0'
[2017-03-19 17:48:13]|[INFO]|----user configure message received----
[2017-03-19 17:48:13]|[INFO]|PRODUCT DATA UPDATED
[2017-03-19 17:48:13]|[INFO]|MQTT device initialized
[2017-03-19 17:48:13]|[INFO]|MQTT message sent to device
[2017-03-19 17:48:14]|[INFO]|----user configure message received----
[2017-03-19 17:48:14]|[INFO]|PRODUCT DATA UPDATED
[2017-03-19 17:48:14]|[INFO]|Bluetoooh message received
[2017-03-19 17:48:14]|[ERROR]|Error in sending xbee message:could not open port /dev/ttyUSB0: [Errno 2] No such file or directory: '/dev/ttyUSB0'
[2017-03-19 17:52:21]|[INFO]|sensor thread  started
[2017-03-19 18:04:45]|[INFO]|----user configure message received----
[2017-03-19 18:04:46]|[INFO]|PRODUCT DATA UPDATED
[2017-03-19 18:04:46]|[INFO]|MQTT device initialized
[2017-03-19 18:04:46]|[INFO]|MQTT message sent to device
[2017-03-19 18:04:48]|[INFO]|----user configure message received----
[2017-03-19 18:04:49]|[INFO]|PRODUCT DATA UPDATED
[2017-03-19 18:04:49]|[INFO]|MQTT device initialized
[2017-03-19 18:04:49]|[INFO]|MQTT message sent to device
[2017-03-19 18:04:49]|[INFO]|----user configure message received----
[2017-03-19 18:04:49]|[INFO]|PRODUCT DATA UPDATED
[2017-03-19 18:04:49]|[INFO]|Bluetoooh message received
[2017-03-19 18:04:49]|[ERROR]|Error in sending xbee message:could not open port /dev/ttyUSB0: [Errno 2] No such file or directory: '/dev/ttyUSB0'
[2017-03-19 18:04:50]|[INFO]|----user configure message received----
[2017-03-19 18:04:50]|[INFO]|PRODUCT DATA UPDATED
[2017-03-19 18:04:50]|[INFO]|Bluetoooh message received
[2017-03-19 18:04:50]|[ERROR]|Error in sending xbee message:could not open port /dev/ttyUSB0: [Errno 2] No such file or directory: '/dev/ttyUSB0'
[2017-03-19 18:04:51]|[INFO]|----user configure message received----
[2017-03-19 18:04:51]|[INFO]|PRODUCT DATA UPDATED
[2017-03-19 18:04:51]|[ERROR]|Error in sending xbee message:could not open port /dev/ttyUSB0: [Errno 2] No such file or directory: '/dev/ttyUSB0'
[2017-03-19 18:04:51]|[INFO]|----user configure message received----
[2017-03-19 18:04:51]|[INFO]|PRODUCT DATA UPDATED
[2017-03-19 18:04:51]|[ERROR]|Error in sending xbee message:could not open port /dev/ttyUSB0: [Errno 2] No such file or directory: '/dev/ttyUSB0'
[2017-03-19 18:04:52]|[INFO]|sensor thread  started
[2017-03-19 18:14:59]|[INFO]|========IOT GATEWAY PROGRAM=======
[2017-03-19 18:14:59]|[INFO]|sensor thread  started
[2017-03-19 18:14:59]|[INFO]|Connected to MQTT broker
[2017-03-19 18:15:36]|[INFO]|----user configure message received----
[2017-03-19 18:15:37]|[INFO]|PRODUCT DATA UPDATED
[2017-03-19 18:15:37]|[INFO]|MQTT device initialized
[2017-03-19 18:15:37]|[INFO]|MQTT message sent to device
[2017-03-19 18:15:41]|[INFO]|----user configure message received----
[2017-03-19 18:15:41]|[INFO]|PRODUCT DATA UPDATED
[2017-03-19 18:15:41]|[INFO]|Bluetoooh message received
[2017-03-19 18:15:41]|[ERROR]|Error in sending xbee message:could not open port /dev/ttyUSB0: [Errno 2] No such file or directory: '/dev/ttyUSB0'
[2017-03-19 18:15:42]|[INFO]|----user configure message received----
[2017-03-19 18:15:42]|[INFO]|PRODUCT DATA UPDATED
[2017-03-19 18:15:42]|[INFO]|Bluetoooh message received
[2017-03-19 18:15:42]|[ERROR]|Error in sending xbee message:could not open port /dev/ttyUSB0: [Errno 2] No such file or directory: '/dev/ttyUSB0'
[2017-03-19 18:15:44]|[INFO]|----user configure message received----
[2017-03-19 18:15:44]|[INFO]|PRODUCT DATA UPDATED
[2017-03-19 18:15:44]|[INFO]|MQTT device initialized
[2017-03-19 18:15:44]|[INFO]|MQTT message sent to device
[2017-03-19 18:15:47]|[INFO]|sensor thread  started
[2017-03-19 18:16:06]|[INFO]|----user configure message received----
[2017-03-19 18:16:06]|[INFO]|PRODUCT DATA UPDATED
[2017-03-19 18:16:06]|[INFO]|MQTT device initialized
[2017-03-19 18:16:06]|[INFO]|MQTT message sent to device
[2017-03-19 18:16:07]|[INFO]|----user configure message received----
[2017-03-19 18:16:07]|[INFO]|PRODUCT DATA UPDATED
[2017-03-19 18:16:07]|[INFO]|Bluetoooh message received
[2017-03-19 18:16:07]|[ERROR]|Error in sending xbee message:could not open port /dev/ttyUSB0: [Errno 2] No such file or directory: '/dev/ttyUSB0'
[2017-03-19 18:16:09]|[INFO]|----user configure message received----
[2017-03-19 18:16:09]|[INFO]|PRODUCT DATA UPDATED
[2017-03-19 18:16:09]|[ERROR]|Error in sending xbee message:could not open port /dev/ttyUSB0: [Errno 2] No such file or directory: '/dev/ttyUSB0'
[2017-03-19 18:16:10]|[INFO]|----user configure message received----
[2017-03-19 18:16:10]|[INFO]|PRODUCT DATA UPDATED
[2017-03-19 18:16:10]|[INFO]|MQTT device initialized
[2017-03-19 18:16:10]|[INFO]|MQTT message sent to device
[2017-03-19 18:16:11]|[INFO]|----user configure message received----
[2017-03-19 18:16:11]|[INFO]|PRODUCT DATA UPDATED
[2017-03-19 18:16:11]|[INFO]|Bluetoooh message received
[2017-03-19 18:16:11]|[ERROR]|Error in sending xbee message:could not open port /dev/ttyUSB0: [Errno 2] No such file or directory: '/dev/ttyUSB0'
[2017-03-19 18:16:13]|[INFO]|----user configure message received----
[2017-03-19 18:16:13]|[INFO]|PRODUCT DATA UPDATED
[2017-03-19 18:16:13]|[ERROR]|Error in sending xbee message:could not open port /dev/ttyUSB0: [Errno 2] No such file or directory: '/dev/ttyUSB0'
[2017-03-19 18:16:27]|[INFO]|----user configure message received----
[2017-03-19 18:16:27]|[INFO]|PRODUCT DATA UPDATED
[2017-03-19 18:16:27]|[ERROR]|Error in sending xbee message:could not open port /dev/ttyUSB0: [Errno 2] No such file or directory: '/dev/ttyUSB0'
[2017-03-19 18:16:27]|[INFO]|----user configure message received----
[2017-03-19 18:16:27]|[INFO]|PRODUCT DATA UPDATED
[2017-03-19 18:16:27]|[ERROR]|Error in sending xbee message:could not open port /dev/ttyUSB0: [Errno 2] No such file or directory: '/dev/ttyUSB0'
[2017-03-22 05:12:12]|[INFO]|========IOT GATEWAY PROGRAM=======
[2017-03-22 05:12:12]|[INFO]|sensor thread  started
[2017-03-22 05:12:41]|[INFO]|========IOT GATEWAY PROGRAM=======
[2017-03-22 05:12:42]|[INFO]|Connected to MQTT broker
[2017-03-22 05:19:07]|[INFO]|----user configure message received----
[2017-03-22 05:19:10]|[INFO]|PRODUCT DATA UPDATED
[2017-03-22 05:19:10]|[INFO]|MQTT device initialized
[2017-03-22 05:19:10]|[INFO]|MQTT message sent to device
[2017-03-22 05:19:10]|[INFO]|----user configure message received----
[2017-03-22 05:19:10]|[INFO]|PRODUCT DATA UPDATED
[2017-03-22 05:19:10]|[INFO]|MQTT device initialized
[2017-03-22 05:19:10]|[INFO]|MQTT message sent to device
